WCCILevent   (0), 2022.10.19 09:42:29.311, SYS,  INFO,        1, Manager Start, PROJ, MyDemo04, V 3.18 - 3.18   platform Windows AMD64 linked at Jul 14 2021 23:42:45 (3a98a9351ff)
WCCILevent   (0), 2022.10.19 09:42:29.314, SYS,  INFO,      108, License information, Wibu CodeMeter License
WCCILevent   (0), 2022.10.19 09:42:30.346, SYS,  WARNING,   105, Invalid license, CodeMeter request for: event (9921) - returned: 无法找到CmDongle数据单元, 错误 200.
WCCILevent   (0), 2022.10.19 09:42:30.364, SYS,  WARNING,   105, Invalid license, CodeMeter request for: event (9921) - returned: 无法找到CmDongle数据单元, 错误 200.
WCCILevent   (0), 2022.10.19 09:42:30.365, SYS,  SEVERE,    105, Invalid license, wonder: No license found
WCCILevent   (0), 2022.10.19 09:42:30.399, SYS,  INFO,        3, Trying to connect to (SYS: 0 Data -num 0 CONN: 1) @ localhost:4897
WCCILevent   (0), 2022.10.19 09:42:30.401, SYS,  INFO,        4, Connected to (SYS: 0 Data -num 0 CONN: 1) @ wonder (::1)
WCCILevent   (0), 2022.10.19 09:42:30.404, PARAM,SEVERE,     71, DP does not exist, _Connections.Event.ManNums:_original.._value
WCCILevent   (0), 2022.10.19 09:42:30.404, PARAM,SEVERE,     71, DP does not exist, _Connections.Event.StartTimes:_original.._value
WCCILevent   (0), 2022.10.19 09:42:30.404, PARAM,SEVERE,     71, DP does not exist, _Connections.Event.HostNames:_original.._value
WCCILevent   (0), 2022.10.19 09:42:30.404, PARAM,SEVERE,     71, DP does not exist, _Connections.Driver.ManNums:_original.._value
WCCILevent   (0), 2022.10.19 09:42:30.404, PARAM,SEVERE,     71, DP does not exist, _Connections.Driver.StartTimes:_original.._value
WCCILevent   (0), 2022.10.19 09:42:30.404, PARAM,SEVERE,     71, DP does not exist, _Connections.Driver.HostNames:_original.._value
WCCILevent   (0), 2022.10.19 09:42:30.404, PARAM,SEVERE,     71, DP does not exist, _Connections.Data.ManNums:_original.._value
WCCILevent   (0), 2022.10.19 09:42:30.404, PARAM,SEVERE,     71, DP does not exist, _Connections.Data.StartTimes:_original.._value
WCCILevent   (0), 2022.10.19 09:42:30.404, PARAM,SEVERE,     71, DP does not exist, _Connections.Data.HostNames:_original.._value
WCCILevent   (0), 2022.10.19 09:42:30.404, PARAM,SEVERE,     71, DP does not exist, _Connections.Ui.ManNums:_original.._value
WCCILevent   (0), 2022.10.19 09:42:30.404, PARAM,SEVERE,     71, DP does not exist, _Connections.Ui.StartTimes:_original.._value
WCCILevent   (0), 2022.10.19 09:42:30.404, PARAM,SEVERE,     71, DP does not exist, _Connections.Ui.HostNames:_original.._value
WCCILevent   (0), 2022.10.19 09:42:30.404, PARAM,SEVERE,     71, DP does not exist, _Connections.Ctrl.ManNums:_original.._value
WCCILevent   (0), 2022.10.19 09:42:30.404, PARAM,SEVERE,     71, DP does not exist, _Connections.Ctrl.StartTimes:_original.._value
WCCILevent   (0), 2022.10.19 09:42:30.404, PARAM,SEVERE,     71, DP does not exist, _Connections.Ctrl.HostNames:_original.._value
WCCILevent   (0), 2022.10.19 09:42:30.404, PARAM,SEVERE,     71, DP does not exist, _Connections.Ascii.ManNums:_original.._value
WCCILevent   (0), 2022.10.19 09:42:30.404, PARAM,SEVERE,     71, DP does not exist, _Connections.Ascii.StartTimes:_original.._value
WCCILevent   (0), 2022.10.19 09:42:30.404, PARAM,SEVERE,     71, DP does not exist, _Connections.Ascii.HostNames:_original.._value
WCCILevent   (0), 2022.10.19 09:42:30.404, PARAM,SEVERE,     71, DP does not exist, _Connections.Api.ManNums:_original.._value
WCCILevent   (0), 2022.10.19 09:42:30.404, PARAM,SEVERE,     71, DP does not exist, _Connections.Api.StartTimes:_original.._value
WCCILevent   (0), 2022.10.19 09:42:30.404, PARAM,SEVERE,     71, DP does not exist, _Connections.Api.HostNames:_original.._value
WCCILevent   (0), 2022.10.19 09:42:30.404, PARAM,SEVERE,     71, DP does not exist, _Connections.Device.ManNums:_original.._value
WCCILevent   (0), 2022.10.19 09:42:30.404, PARAM,SEVERE,     71, DP does not exist, _Connections.Device.StartTimes:_original.._value
WCCILevent   (0), 2022.10.19 09:42:30.404, PARAM,SEVERE,     71, DP does not exist, _Connections.Device.HostNames:_original.._value
WCCILevent   (0), 2022.10.19 09:42:30.404, PARAM,SEVERE,     71, DP does not exist, _Connections.Redu.ManNums:_original.._value
WCCILevent   (0), 2022.10.19 09:42:30.404, PARAM,SEVERE,     71, DP does not exist, _Connections.Redu.StartTimes:_original.._value
WCCILevent   (0), 2022.10.19 09:42:30.404, PARAM,SEVERE,     71, DP does not exist, _Connections.Redu.HostNames:_original.._value
WCCILevent   (0), 2022.10.19 09:42:30.404, PARAM,SEVERE,     71, DP does not exist, _Connections.Report.ManNums:_original.._value
WCCILevent   (0), 2022.10.19 09:42:30.404, PARAM,SEVERE,     71, DP does not exist, _Connections.Report.StartTimes:_original.._value
WCCILevent   (0), 2022.10.19 09:42:30.404, PARAM,SEVERE,     71, DP does not exist, _Connections.Report.HostNames:_original.._value
WCCILevent   (0), 2022.10.19 09:42:30.405, PARAM,SEVERE,     71, DP does not exist, _Connections.Dde.ManNums:_original.._value
WCCILevent   (0), 2022.10.19 09:42:30.405, PARAM,SEVERE,     71, DP does not exist, _Connections.Dde.StartTimes:_original.._value
WCCILevent   (0), 2022.10.19 09:42:30.405, PARAM,SEVERE,     71, DP does not exist, _Connections.Dde.HostNames:_original.._value
WCCILevent   (0), 2022.10.19 09:42:30.405, PARAM,SEVERE,     71, DP does not exist, _Connections.Dist.ManNums:_original.._value
WCCILevent   (0), 2022.10.19 09:42:30.405, PARAM,SEVERE,     71, DP does not exist, _Connections.Dist.StartTimes:_original.._value
WCCILevent   (0), 2022.10.19 09:42:30.405, PARAM,SEVERE,     71, DP does not exist, _Connections.Dist.HostNames:_original.._value
WCCILevent   (0), 2022.10.19 09:42:30.423, SYS,  WARNING,   105, Invalid license, CodeMeter request for: event (9921) - returned: 无法找到CmDongle数据单元, 错误 200.
WCCILevent   (0), 2022.10.19 09:42:30.424, SYS,  SEVERE,    105, Invalid license, wonder: No license found
WCCILevent   (0), 2022.10.19 09:42:30.424, SYS,  INFO,        6, Initialization by Data Manager finished
WCCILevent   (0), 2022.10.19 09:42:30.424, SYS,  INFO,      169, Initialize 0 dp-functions
WCCILevent   (0), 2022.10.19 09:42:30.424, SYS,  INFO,      168, Initialize 0 alerts
WCCILevent   (0), 2022.10.19 09:42:30.424, PARAM,WARNING,     7, Datapoint does not exist, EvFixedLicenses, EvFixedLicenses, _Event.License.FixedShield
WCCILevent   (0), 2022.10.19 09:42:30.425, PARAM,WARNING,     7, Datapoint does not exist, UserTable, UserTable, _Users.UserId
WCCILevent   (0), 2022.10.19 09:42:30.425, PARAM,WARNING,     7, Datapoint does not exist, ManagerTable, ManagerTable, _Managers.Auth.ManType
WCCILevent   (0), 2022.10.19 09:42:30.425, PARAM,WARNING,     7, Datapoint does not exist, EventManager, doDpConnect, _System.Auth.DpType:_original.._value
WCCILevent   (0), 2022.10.19 09:42:30.425, PARAM,WARNING,     7, Datapoint does not exist, EventManager, doDpConnect, _System.Auth.Dp:_original.._value
WCCILevent   (0), 2022.10.19 09:42:30.425, PARAM,WARNING,     7, Datapoint does not exist, EventManager, doDpConnect, _System.Auth.DpAuth:_original.._value
WCCILevent   (0), 2022.10.19 09:42:30.425, PARAM,WARNING,     7, Datapoint does not exist, EventManager, doDpConnect, _System.Auth.DpAlias:_original.._value
WCCILevent   (0), 2022.10.19 09:42:30.425, PARAM,WARNING,     7, Datapoint does not exist, EventManager, dpDpConnect, _Event.ReadLicense
WCCILevent   (0), 2022.10.19 09:42:30.425, PARAM,WARNING,     8, Element does not exist, EventManager, doDpConnect, _Managers.Exit
WCCILevent   (0), 2022.10.19 09:42:30.425, PARAM,WARNING,     8, Element does not exist, EventManager, doDpConnect, _Managers.Refresh
WCCILevent   (0), 2022.10.19 09:42:30.425, PARAM,WARNING,     7, Datapoint does not exist, EventManager, evMain, _Event.License.ExpirationCnt
WCCILevent   (0), 2022.10.19 09:42:30.425, PARAM,WARNING,     7, Datapoint does not exist, EventManager, evMain, _Event.License.RemainingTime
WCCILevent   (0), 2022.10.19 09:42:30.425, PARAM,WARNING,     7, Datapoint does not exist, EventManager, evMain, _Event.License.alm.isRTILInvalid:_original.._value
WCCILevent   (0), 2022.10.19 09:42:30.425, PARAM,WARNING,     7, Datapoint does not exist, EventManager, evMain, _Event.License.alm.isPVSSInvalid:_original.._value
WCCILevent   (0), 2022.10.19 09:42:30.425, PARAM,WARNING,     7, Datapoint does not exist, EventManager, evMain, _Event.License.alm.shield:_original.._value
WCCILevent   (0), 2022.10.19 09:42:30.425, SYS,  SEVERE,    105, Invalid license, Eventmanager will shutdown after the demo period of 1800 seconds
WCCILevent   (0), 2022.10.19 09:42:30.535, SYS,  WARNING,   105, Invalid license, wonder: No license found, Running as demo version, driver
WCCILevent   (0), 2022.10.19 09:42:30.536, SYS,  INFO,        4, Connected to (SYS: 1 Driver -num 1 CONN: 1) @ wonder (::1)
WCCILevent   (0), 2022.10.19 09:42:30.645, SYS,  WARNING,   105, Invalid license, wonder: No license found, Running as demo version, ascii
WCCILevent   (0), 2022.10.19 09:42:30.645, SYS,  INFO,        4, Connected to (SYS: 1 Ascii -num 1 CONN: 1) @ wonder (::1)
WCCILevent   (0), 2022.10.19 09:42:30.897, SYS,  WARNING,    39, Connection lost, MAN: (SYS: 1 Ascii -num 1 CONN: 1), Connection reset by peer (10054)
WCCILevent   (0), 2022.10.19 09:42:30.991, SYS,  WARNING,   105, Invalid license, wonder: No license found, Running as demo version, ascii
WCCILevent   (0), 2022.10.19 09:42:30.992, SYS,  INFO,        4, Connected to (SYS: 1 Ascii -num 1 CONN: 1) @ wonder (::1)
WCCILevent   (0), 2022.10.19 09:42:31.234, SYS,  WARNING,    39, Connection lost, MAN: (SYS: 1 Ascii -num 1 CONN: 1), Connection reset by peer (10054)
WCCILevent   (0), 2022.10.19 09:42:31.335, SYS,  WARNING,   105, Invalid license, wonder: No license found, Running as demo version, ascii
WCCILevent   (0), 2022.10.19 09:42:31.335, SYS,  INFO,        4, Connected to (SYS: 1 Ascii -num 1 CONN: 1) @ wonder (::1)
WCCILevent   (0), 2022.10.19 09:42:59.297, SYS,  WARNING,    39, Connection lost, MAN: (SYS: 1 Ascii -num 1 CONN: 1), Connection reset by peer (10054)
WCCILevent   (0), 2022.10.19 09:42:59.403, SYS,  WARNING,   105, Invalid license, wonder: No license found, Running as demo version, ascii
WCCILevent   (0), 2022.10.19 09:42:59.403, SYS,  INFO,        4, Connected to (SYS: 1 Ascii -num 1 CONN: 1) @ wonder (::1)
WCCILevent   (0), 2022.10.19 09:43:00.097, SYS,  WARNING,    39, Connection lost, MAN: (SYS: 1 Ascii -num 1 CONN: 1), Connection reset by peer (10054)
WCCILevent   (0), 2022.10.19 09:43:00.140, SYS,  INFO,       39, Connection lost, MAN: (SYS: 1 Driver -num 1 CONN: 1), Connection closed
WCCILevent   (0), 2022.10.19 09:43:00.145, SYS,  INFO,        2, Manager Stop, received signal 15, exiting
WCCILevent   (0), 2022.10.19 09:43:00.248, SYS,  INFO,        2, Manager Stop, start cleanup
WCCILevent   (0), 2022.10.19 09:43:00.248, SYS,  INFO,      181, Closing connection to (SYS: 1 Data -num 0 CONN: 1)
WCCILevent   (0), 2022.10.19 09:43:00.248, SYS,  INFO,       39, Connection lost, MAN: (SYS: 1 Data -num 0 CONN: 1), Connection closed
WCCILevent   (0), 2022.10.19 09:43:00.256, SYS,  INFO,        2, Manager Stop
