WCCILsim     (1), 2022.10.19 09:42:30.504, SYS,  INFO,        1, Manager Start, PROJ, MyDemo04, V 3.18 - 3.18   platform Windows AMD64 linked at Jul 14 2021 23:42:45 (3a98a9351ff)
WCCILsim     (1), 2022.10.19 09:42:30.507, SYS,  INFO,        3, Trying to connect to (SYS: 0 Data -num 0 CONN: 1) @ localhost:4897
WCCILsim     (1), 2022.10.19 09:42:30.508, SYS,  INFO,        4, Connected to (SYS: 0 Data -num 0 CONN: 1) @ wonder (::1)
WCCILsim     (1), 2022.10.19 09:42:30.510, PARAM,SEVERE,     71, DP does not exist, _Stat_Configs_driver_1._address:_original.._value
WCCILsim     (1), 2022.10.19 09:42:30.510, PARAM,SEVERE,     71, DP does not exist, _Stat_Configs_driver_1._cmd_conv:_original.._value
WCCILsim     (1), 2022.10.19 09:42:30.510, PARAM,SEVERE,     71, DP does not exist, _Stat_Configs_driver_1._msg_conv:_original.._value
WCCILsim     (1), 2022.10.19 09:42:30.511, PARAM,SEVERE,     71, DP does not exist, _Stat_Configs_driver_1._smooth:_original.._value
WCCILsim     (1), 2022.10.19 09:42:30.511, PARAM,SEVERE,     71, DP does not exist, _Stat_Configs_Refresh.SecsToRefresh:_original.._value
WCCILsim     (1), 2022.10.19 09:42:30.520, SYS,  INFO,        6, Initialization by Data Manager finished
WCCILsim     (1), 2022.10.19 09:42:30.520, SYS,  INFO,        3, Trying to connect to (SYS: 1 Event -num 0 CONN: 1) @ localhost:4998
WCCILsim     (1), 2022.10.19 09:42:30.535, SYS,  INFO,        4, Connected to (SYS: 1 Event -num 0 CONN: 1) @ wonder (::1)
WCCILsim     (1), 2022.10.19 09:42:30.537, SYS,  SEVERE,    105, Invalid license, Driver will shutdown after the demo period of 1800 seconds
WCCILsim     (1), 2022.10.19 09:42:30.537, SYS,  INFO,      156, Driver initialization finished.
WCCILsim     (1), 2022.10.19 09:42:30.538, PARAM,WARNING,    54, Unexpected state, Cannot get DPID for _Driver1.AL.AClasses:_original.._value
WCCILsim     (1), 2022.10.19 09:42:30.538, PARAM,WARNING,    54, Unexpected state, Cannot get DPID for _Driver1.AL.AckDps:_original.._value
WCCILsim     (1), 2022.10.19 09:42:30.538, PARAM,WARNING,    54, Unexpected state, Cannot get DPID for _Driver1.AL.AckData:_original.._value
WCCILsim     (1), 2022.10.19 09:42:30.551, PARAM,WARNING,    90, DP attribute was connected twice, DP: (Type: 0 Sys: 1 Dp: 0 El: 0 : ..)
WCCILsim     (1), 2022.10.19 09:42:30.551, PARAM,WARNING,    54, Unexpected state, AlertDrvIntDp, dpReady, dpConnect failed to Ack DPs
WCCILsim     (1), 2022.10.19 09:43:00.099, SYS,  INFO,      170, Signal SIGTERM received - exiting ...
WCCILsim     (1), 2022.10.19 09:43:00.139, SYS,  INFO,      181, Closing connection to (SYS: 1 Data -num 0 CONN: 1)
WCCILsim     (1), 2022.10.19 09:43:00.140, SYS,  INFO,      181, Closing connection to (SYS: 1 Event -num 0 CONN: 1)
WCCILsim     (1), 2022.10.19 09:43:00.140, SYS,  INFO,       39, Connection lost, MAN: (SYS: 1 Data -num 0 CONN: 1), Connection closed
WCCILsim     (1), 2022.10.19 09:43:00.140, SYS,  INFO,       39, Connection lost, MAN: (SYS: 1 Event -num 0 CONN: 1), Connection closed
WCCILsim     (1), 2022.10.19 09:43:00.140, SYS,  INFO,        2, Manager Stop
