WCCILdata    (0), 2022.10.19 09:42:28.190, SYS,  INFO,        1, Manager Start, PROJ, MyDemo04, V 3.18 - 3.18   platform Windows AMD64 linked at Jul 14 2021 23:42:45 (3a98a9351ff)
WCCILdata    (0), 2022.10.19 09:42:28.195, SYS,  INFO,        0, , (Re)Opening databases in single user mode without transaction logging.
WCCILdata    (0), 2022.10.19 09:42:29.233, SYS,  INFO,        0, , Initialize archive smoothing
WCCILdata    (0), 2022.10.19 09:42:29.233, SYS,  INFO,        0, , Initialize archive smoothing
WCCILdata    (0), 2022.10.19 09:42:29.233, SYS,  INFO,        0, , Loading DpIdentification
WCCILdata    (0), 2022.10.19 09:42:29.234, SYS,  INFO,        0, , Initializing last value cache
WCCILdata    (0), 2022.10.19 09:42:29.235, SYS,  INFO,        0, , Loading internal datapoints
WCCILdata    (0), 2022.10.19 09:42:29.235, SYS,  WARNING,    33, General error in Data Manager, DataManDpIntern, loadInternalDp, Internal DPE not found: _DataManager.DataBase.Check:_original.._value
WCCILdata    (0), 2022.10.19 09:42:29.235, SYS,  INFO,        0, , Initializing ID history
WCCILdata    (0), 2022.10.19 09:42:29.235, SYS,  INFO,        0, , Initializing Alert history
WCCILdata    (0), 2022.10.19 09:42:29.235, SYS,  INFO,        0, , Initializing Alert Class cache
WCCILdata    (0), 2022.10.19 09:42:29.236, SYS,  INFO,        6, Initialization by Data Manager finished
WCCILdata    (0), 2022.10.19 09:42:29.236, PARAM,SEVERE,      8, Element does not exist, problem during archive initialization, datapoint does not exist:, _ValueArchive_0.arNr:_original.._value
WCCILdata    (0), 2022.10.19 09:42:29.236, PARAM,SEVERE,      8, Element does not exist, problem during archive initialization, datapoint does not exist:, _ValueArchive_0.state:_original.._value
WCCILdata    (0), 2022.10.19 09:42:29.236, PARAM,SEVERE,      8, Element does not exist, problem during archive initialization, datapoint does not exist:, _ValueArchive_0.general.arType:_original.._value
WCCILdata    (0), 2022.10.19 09:42:29.236, PARAM,SEVERE,      8, Element does not exist, problem during archive initialization, datapoint does not exist:, _ValueArchive_0.general.arName:_original.._value
WCCILdata    (0), 2022.10.19 09:42:29.236, PARAM,SEVERE,      8, Element does not exist, problem during archive initialization, datapoint does not exist:, _ValueArchive_0.general.hostNameGet:_original.._value
WCCILdata    (0), 2022.10.19 09:42:29.236, PARAM,SEVERE,      8, Element does not exist, problem during archive initialization, datapoint does not exist:, _ValueArchive_0.general.hostNameSet:_original.._value
WCCILdata    (0), 2022.10.19 09:42:29.236, PARAM,SEVERE,      8, Element does not exist, problem during archive initialization, datapoint does not exist:, _ValueArchive_0.general.filePathGet:_original.._value
WCCILdata    (0), 2022.10.19 09:42:29.236, PARAM,SEVERE,      8, Element does not exist, problem during archive initialization, datapoint does not exist:, _ValueArchive_0.general.filePathSet:_original.._value
WCCILdata    (0), 2022.10.19 09:42:29.236, PARAM,SEVERE,      8, Element does not exist, problem during archive initialization, datapoint does not exist:, _ValueArchive_0.general.fileNameGet:_original.._value
WCCILdata    (0), 2022.10.19 09:42:29.236, PARAM,SEVERE,      8, Element does not exist, problem during archive initialization, datapoint does not exist:, _ValueArchive_0.general.fileNameSet:_original.._value
WCCILdata    (0), 2022.10.19 09:42:29.236, PARAM,SEVERE,      8, Element does not exist, problem during archive initialization, datapoint does not exist:, _ValueArchive_0.general.createArchive:_original.._value
WCCILdata    (0), 2022.10.19 09:42:29.236, PARAM,SEVERE,      8, Element does not exist, problem during archive initialization, datapoint does not exist:, _ValueArchive_0.general.forwardToRDB:_original.._value
WCCILdata    (0), 2022.10.19 09:42:29.236, PARAM,SEVERE,      8, Element does not exist, problem during archive initialization, datapoint does not exist:, _ValueArchive_0.error.errNum:_original.._value
WCCILdata    (0), 2022.10.19 09:42:29.236, PARAM,SEVERE,      8, Element does not exist, problem during archive initialization, datapoint does not exist:, _ValueArchive_0.error.errDp:_original.._value
WCCILdata    (0), 2022.10.19 09:42:29.236, PARAM,SEVERE,      8, Element does not exist, problem during archive initialization, datapoint does not exist:, _ValueArchive_0.error.errBit:_original.._value
WCCILdata    (0), 2022.10.19 09:42:29.237, PARAM,SEVERE,      8, Element does not exist, problem during archive initialization, datapoint does not exist:, _ValueArchive_0.error.errRead:_original.._value
WCCILdata    (0), 2022.10.19 09:42:29.237, PARAM,SEVERE,      8, Element does not exist, problem during archive initialization, datapoint does not exist:, _ValueArchive_0.size.maxDpElGet:_original.._value
WCCILdata    (0), 2022.10.19 09:42:29.237, PARAM,SEVERE,      8, Element does not exist, problem during archive initialization, datapoint does not exist:, _ValueArchive_0.size.maxDpElSet:_original.._value
WCCILdata    (0), 2022.10.19 09:42:29.237, PARAM,SEVERE,      8, Element does not exist, problem during archive initialization, datapoint does not exist:, _ValueArchive_0.size.maxValuesGet:_original.._value
WCCILdata    (0), 2022.10.19 09:42:29.237, PARAM,SEVERE,      8, Element does not exist, problem during archive initialization, datapoint does not exist:, _ValueArchive_0.size.maxValuesSet:_original.._value
WCCILdata    (0), 2022.10.19 09:42:29.237, PARAM,SEVERE,      8, Element does not exist, problem during archive initialization, datapoint does not exist:, _ValueArchive_0.size.maxFillPctGet:_original.._value
WCCILdata    (0), 2022.10.19 09:42:29.237, PARAM,SEVERE,      8, Element does not exist, problem during archive initialization, datapoint does not exist:, _ValueArchive_0.size.maxFillPctSet:_original.._value
WCCILdata    (0), 2022.10.19 09:42:29.237, PARAM,SEVERE,      8, Element does not exist, problem during archive initialization, datapoint does not exist:, _ValueArchive_0.size.maxHeapSizeGet:_original.._value
WCCILdata    (0), 2022.10.19 09:42:29.237, PARAM,SEVERE,      8, Element does not exist, problem during archive initialization, datapoint does not exist:, _ValueArchive_0.size.maxHeapSizeSet:_original.._value
WCCILdata    (0), 2022.10.19 09:42:29.237, PARAM,SEVERE,      8, Element does not exist, problem during archive initialization, datapoint does not exist:, _ValueArchive_0.size.maxCacheGet:_original.._value
WCCILdata    (0), 2022.10.19 09:42:29.237, PARAM,SEVERE,      8, Element does not exist, problem during archive initialization, datapoint does not exist:, _ValueArchive_0.size.maxCacheSet:_original.._value
WCCILdata    (0), 2022.10.19 09:42:29.237, PARAM,SEVERE,      8, Element does not exist, problem during archive initialization, datapoint does not exist:, _ValueArchive_0.size.maxCorrCacheGet:_original.._value
WCCILdata    (0), 2022.10.19 09:42:29.237, PARAM,SEVERE,      8, Element does not exist, problem during archive initialization, datapoint does not exist:, _ValueArchive_0.size.maxCorrCacheSet:_original.._value
WCCILdata    (0), 2022.10.19 09:42:29.237, PARAM,SEVERE,      8, Element does not exist, problem during archive initialization, datapoint does not exist:, _ValueArchive_0.intervals.aliveInterval:_original.._value
WCCILdata    (0), 2022.10.19 09:42:29.237, PARAM,SEVERE,      8, Element does not exist, problem during archive initialization, datapoint does not exist:, _ValueArchive_0.intervals.saveCycle:_original.._value
WCCILdata    (0), 2022.10.19 09:42:29.237, PARAM,SEVERE,      8, Element does not exist, problem during archive initialization, datapoint does not exist:, _ValueArchive_0.setMgmt.fileSwitch.switchTimeGet.validFrom:_original.._value
WCCILdata    (0), 2022.10.19 09:42:29.237, PARAM,SEVERE,      8, Element does not exist, problem during archive initialization, datapoint does not exist:, _ValueArchive_0.setMgmt.fileSwitch.switchTimeGet.validUntil:_original.._value
WCCILdata    (0), 2022.10.19 09:42:29.237, PARAM,SEVERE,      8, Element does not exist, problem during archive initialization, datapoint does not exist:, _ValueArchive_0.setMgmt.fileSwitch.switchTimeGet.time:_original.._value
WCCILdata    (0), 2022.10.19 09:42:29.237, PARAM,SEVERE,      8, Element does not exist, problem during archive initialization, datapoint does not exist:, _ValueArchive_0.setMgmt.fileSwitch.switchTimeGet.weekDay:_original.._value
WCCILdata    (0), 2022.10.19 09:42:29.237, PARAM,SEVERE,      8, Element does not exist, problem during archive initialization, datapoint does not exist:, _ValueArchive_0.setMgmt.fileSwitch.switchTimeGet.monthDay:_original.._value
WCCILdata    (0), 2022.10.19 09:42:29.237, PARAM,SEVERE,      8, Element does not exist, problem during archive initialization, datapoint does not exist:, _ValueArchive_0.setMgmt.fileSwitch.switchTimeGet.month:_original.._value
WCCILdata    (0), 2022.10.19 09:42:29.237, PARAM,SEVERE,      8, Element does not exist, problem during archive initialization, datapoint does not exist:, _ValueArchive_0.setMgmt.fileSwitch.switchTimeGet.syncTime:_original.._value
WCCILdata    (0), 2022.10.19 09:42:29.237, PARAM,SEVERE,      8, Element does not exist, problem during archive initialization, datapoint does not exist:, _ValueArchive_0.setMgmt.fileSwitch.switchTimeGet.syncWeekDay:_original.._value
WCCILdata    (0), 2022.10.19 09:42:29.237, PARAM,SEVERE,      8, Element does not exist, problem during archive initialization, datapoint does not exist:, _ValueArchive_0.setMgmt.fileSwitch.switchTimeGet.syncDay:_original.._value
WCCILdata    (0), 2022.10.19 09:42:29.237, PARAM,SEVERE,      8, Element does not exist, problem during archive initialization, datapoint does not exist:, _ValueArchive_0.setMgmt.fileSwitch.switchTimeGet.syncMonth:_original.._value
WCCILdata    (0), 2022.10.19 09:42:29.237, PARAM,SEVERE,      8, Element does not exist, problem during archive initialization, datapoint does not exist:, _ValueArchive_0.setMgmt.fileSwitch.switchTimeGet.interval:_original.._value
WCCILdata    (0), 2022.10.19 09:42:29.237, PARAM,SEVERE,      8, Element does not exist, problem during archive initialization, datapoint does not exist:, _ValueArchive_0.setMgmt.fileSwitch.switchTimeGet.delay:_original.._value
WCCILdata    (0), 2022.10.19 09:42:29.237, PARAM,SEVERE,      8, Element does not exist, problem during archive initialization, datapoint does not exist:, _ValueArchive_0.setMgmt.fileSwitch.switchTimeSet.validFrom:_original.._value
WCCILdata    (0), 2022.10.19 09:42:29.237, PARAM,SEVERE,      8, Element does not exist, problem during archive initialization, datapoint does not exist:, _ValueArchive_0.setMgmt.fileSwitch.switchTimeSet.validUntil:_original.._value
WCCILdata    (0), 2022.10.19 09:42:29.237, PARAM,SEVERE,      8, Element does not exist, problem during archive initialization, datapoint does not exist:, _ValueArchive_0.setMgmt.fileSwitch.switchTimeSet.time:_original.._value
WCCILdata    (0), 2022.10.19 09:42:29.237, PARAM,SEVERE,      8, Element does not exist, problem during archive initialization, datapoint does not exist:, _ValueArchive_0.setMgmt.fileSwitch.switchTimeSet.weekDay:_original.._value
WCCILdata    (0), 2022.10.19 09:42:29.237, PARAM,SEVERE,      8, Element does not exist, problem during archive initialization, datapoint does not exist:, _ValueArchive_0.setMgmt.fileSwitch.switchTimeSet.monthDay:_original.._value
WCCILdata    (0), 2022.10.19 09:42:29.237, PARAM,SEVERE,      8, Element does not exist, problem during archive initialization, datapoint does not exist:, _ValueArchive_0.setMgmt.fileSwitch.switchTimeSet.month:_original.._value
WCCILdata    (0), 2022.10.19 09:42:29.237, PARAM,SEVERE,      8, Element does not exist, problem during archive initialization, datapoint does not exist:, _ValueArchive_0.setMgmt.fileSwitch.switchTimeSet.syncTime:_original.._value
WCCILdata    (0), 2022.10.19 09:42:29.237, PARAM,SEVERE,      8, Element does not exist, problem during archive initialization, datapoint does not exist:, _ValueArchive_0.setMgmt.fileSwitch.switchTimeSet.syncWeekDay:_original.._value
WCCILdata    (0), 2022.10.19 09:42:29.237, SYS,  SEVERE,    118, Last error already repeated 50 times. Until another output occurs, this one will be blocked.
WCCILdata    (0), 2022.10.19 09:42:29.238, PARAM,SEVERE,      8, Element does not exist, problem during archive initialization, datapoint does not exist:, _ValueArchive_0.setMgmt.fileCompression.autoStartAfterSwitchSet:_original.._value
WCCILdata    (0), 2022.10.19 09:42:29.238, SYS,  INFO,      119, Last error repeated 213 times.
WCCILdata    (0), 2022.10.19 09:42:29.238, SYS,  INFO,        0, , Initializing Value Archives
WCCILdata    (0), 2022.10.19 09:42:29.238, SYS,  INFO,        0, , ValueArchive will be used...
WCCILdata    (0), 2022.10.19 09:42:30.402, SYS,  INFO,        4, Connected to (SYS: 1 Event -num 0 CONN: 1) @ wonder (::1)
WCCILdata    (0), 2022.10.19 09:42:30.408, SYS,  INFO,        0, , Manager (SYS: 1 Event -num 0 CONN: 1) initialised
WCCILdata    (0), 2022.10.19 09:42:30.425, PARAM,WARNING,     7, Datapoint does not exist, UserTable, UserTable, _Users.UserId
WCCILdata    (0), 2022.10.19 09:42:30.425, PARAM,WARNING,     7, Datapoint does not exist, ManagerTable, ManagerTable, _Managers.Auth.ManType
WCCILdata    (0), 2022.10.19 09:42:30.509, SYS,  INFO,        4, Connected to (SYS: 1 Driver -num 1 CONN: 1) @ wonder (::1)
WCCILdata    (0), 2022.10.19 09:42:30.520, SYS,  INFO,        0, , Manager (SYS: 1 Driver -num 1 CONN: 1) initialised
WCCILdata    (0), 2022.10.19 09:42:30.623, SYS,  INFO,        4, Connected to (SYS: 1 Ascii -num 1 CONN: 1) @ wonder (::1)
WCCILdata    (0), 2022.10.19 09:42:30.624, SYS,  INFO,        0, , Manager (SYS: 1 Ascii -num 1 CONN: 1) initialised
WCCILdata    (0), 2022.10.19 09:42:30.897, SYS,  WARNING,    39, Connection lost, MAN: (SYS: 1 Ascii -num 1 CONN: 1), Connection reset by peer (10054)
WCCILdata    (0), 2022.10.19 09:42:30.973, SYS,  INFO,        4, Connected to (SYS: 1 Ascii -num 1 CONN: 1) @ wonder (::1)
WCCILdata    (0), 2022.10.19 09:42:30.974, SYS,  INFO,        0, , Manager (SYS: 1 Ascii -num 1 CONN: 1) initialised
WCCILdata    (0), 2022.10.19 09:42:31.234, SYS,  WARNING,    39, Connection lost, MAN: (SYS: 1 Ascii -num 1 CONN: 1), Connection reset by peer (10054)
WCCILdata    (0), 2022.10.19 09:42:31.310, SYS,  INFO,        4, Connected to (SYS: 1 Ascii -num 1 CONN: 1) @ wonder (::1)
WCCILdata    (0), 2022.10.19 09:42:31.312, SYS,  INFO,        0, , Manager (SYS: 1 Ascii -num 1 CONN: 1) initialised
WCCILdata    (0), 2022.10.19 09:42:59.297, SYS,  WARNING,    39, Connection lost, MAN: (SYS: 1 Ascii -num 1 CONN: 1), Connection reset by peer (10054)
WCCILdata    (0), 2022.10.19 09:42:59.370, SYS,  INFO,        4, Connected to (SYS: 1 Ascii -num 1 CONN: 1) @ wonder (::1)
WCCILdata    (0), 2022.10.19 09:42:59.386, SYS,  INFO,        0, , Manager (SYS: 1 Ascii -num 1 CONN: 1) initialised
WCCILdata    (0), 2022.10.19 09:42:59.406, PARAM,WARNING,    54, Unexpected state, HistOrgMain, no internal archive dp specified in archive class of: -, parametrized dp in archive class is System1:_NGA_G_EVENT
WCCILdata    (0), 2022.10.19 09:42:59.406, SYS,  SEVERE,     54, Unexpected state, HistOrgMain, no valid archive number
WCCILdata    (0), 2022.10.19 09:42:59.407, PARAM,WARNING,    54, Unexpected state, HistOrgMain, no internal archive dp specified in archive class of: -, parametrized dp in archive class is System1:_NGA_G_EVENT
WCCILdata    (0), 2022.10.19 09:42:59.407, SYS,  SEVERE,     54, Unexpected state, HistOrgMain, no valid archive number
WCCILdata    (0), 2022.10.19 09:42:59.407, PARAM,WARNING,    54, Unexpected state, HistOrgMain, no internal archive dp specified in archive class of: -, parametrized dp in archive class is System1:_NGA_G_EVENT
WCCILdata    (0), 2022.10.19 09:42:59.407, SYS,  SEVERE,     54, Unexpected state, HistOrgMain, no valid archive number
WCCILdata    (0), 2022.10.19 09:42:59.418, PARAM,WARNING,    54, Unexpected state, HistOrgMain, no internal archive dp specified in archive class of: -, parametrized dp in archive class is System1:_NGA_G_EVENT
WCCILdata    (0), 2022.10.19 09:42:59.418, SYS,  SEVERE,     54, Unexpected state, HistOrgMain, no valid archive number
WCCILdata    (0), 2022.10.19 09:42:59.419, PARAM,WARNING,    54, Unexpected state, HistOrgMain, no internal archive dp specified in archive class of: -, parametrized dp in archive class is System1:_NGA_G_EVENT
WCCILdata    (0), 2022.10.19 09:42:59.419, SYS,  SEVERE,     54, Unexpected state, HistOrgMain, no valid archive number
WCCILdata    (0), 2022.10.19 09:42:59.419, PARAM,WARNING,    54, Unexpected state, HistOrgMain, no internal archive dp specified in archive class of: -, parametrized dp in archive class is System1:_NGA_G_EVENT
WCCILdata    (0), 2022.10.19 09:42:59.419, SYS,  SEVERE,     54, Unexpected state, HistOrgMain, no valid archive number
WCCILdata    (0), 2022.10.19 09:42:59.420, PARAM,WARNING,    54, Unexpected state, HistOrgMain, no internal archive dp specified in archive class of: -, parametrized dp in archive class is System1:_NGA_G_EVENT
WCCILdata    (0), 2022.10.19 09:42:59.420, SYS,  SEVERE,     54, Unexpected state, HistOrgMain, no valid archive number
WCCILdata    (0), 2022.10.19 09:42:59.421, PARAM,WARNING,    54, Unexpected state, HistOrgMain, no internal archive dp specified in archive class of: -, parametrized dp in archive class is System1:_NGA_G_EVENT
WCCILdata    (0), 2022.10.19 09:42:59.421, SYS,  SEVERE,     54, Unexpected state, HistOrgMain, no valid archive number
WCCILdata    (0), 2022.10.19 09:42:59.434, PARAM,WARNING,    54, Unexpected state, HistOrgMain, no internal archive dp specified in archive class of: -, parametrized dp in archive class is System1:_NGA_G_EVENT
WCCILdata    (0), 2022.10.19 09:42:59.434, SYS,  SEVERE,     54, Unexpected state, HistOrgMain, no valid archive number
WCCILdata    (0), 2022.10.19 09:42:59.435, PARAM,WARNING,    54, Unexpected state, HistOrgMain, no internal archive dp specified in archive class of: -, parametrized dp in archive class is System1:_NGA_G_EVENT
WCCILdata    (0), 2022.10.19 09:42:59.435, SYS,  SEVERE,     54, Unexpected state, HistOrgMain, no valid archive number
WCCILdata    (0), 2022.10.19 09:42:59.435, PARAM,WARNING,    54, Unexpected state, HistOrgMain, no internal archive dp specified in archive class of: -, parametrized dp in archive class is System1:_NGA_G_EVENT
WCCILdata    (0), 2022.10.19 09:42:59.435, SYS,  SEVERE,     54, Unexpected state, HistOrgMain, no valid archive number
WCCILdata    (0), 2022.10.19 09:42:59.449, PARAM,WARNING,    54, Unexpected state, HistOrgMain, no internal archive dp specified in archive class of: -, parametrized dp in archive class is System1:_NGA_G_EVENT
WCCILdata    (0), 2022.10.19 09:42:59.449, SYS,  SEVERE,     54, Unexpected state, HistOrgMain, no valid archive number
WCCILdata    (0), 2022.10.19 09:42:59.449, PARAM,WARNING,    54, Unexpected state, HistOrgMain, no internal archive dp specified in archive class of: -, parametrized dp in archive class is System1:_NGA_G_EVENT
WCCILdata    (0), 2022.10.19 09:42:59.449, SYS,  SEVERE,     54, Unexpected state, HistOrgMain, no valid archive number
WCCILdata    (0), 2022.10.19 09:42:59.450, PARAM,WARNING,    54, Unexpected state, HistOrgMain, no internal archive dp specified in archive class of: -, parametrized dp in archive class is System1:_NGA_G_EVENT
WCCILdata    (0), 2022.10.19 09:42:59.450, SYS,  SEVERE,     54, Unexpected state, HistOrgMain, no valid archive number
WCCILdata    (0), 2022.10.19 09:42:59.464, PARAM,WARNING,    54, Unexpected state, HistOrgMain, no internal archive dp specified in archive class of: -, parametrized dp in archive class is System1:_NGA_G_EVENT
WCCILdata    (0), 2022.10.19 09:42:59.464, SYS,  SEVERE,     54, Unexpected state, HistOrgMain, no valid archive number
WCCILdata    (0), 2022.10.19 09:42:59.465, PARAM,WARNING,    54, Unexpected state, HistOrgMain, no internal archive dp specified in archive class of: -, parametrized dp in archive class is System1:_NGA_G_EVENT
WCCILdata    (0), 2022.10.19 09:42:59.465, SYS,  SEVERE,     54, Unexpected state, HistOrgMain, no valid archive number
WCCILdata    (0), 2022.10.19 09:42:59.466, PARAM,WARNING,    54, Unexpected state, HistOrgMain, no internal archive dp specified in archive class of: -, parametrized dp in archive class is System1:_NGA_G_EVENT
WCCILdata    (0), 2022.10.19 09:42:59.466, SYS,  SEVERE,     54, Unexpected state, HistOrgMain, no valid archive number
WCCILdata    (0), 2022.10.19 09:42:59.466, PARAM,WARNING,    54, Unexpected state, HistOrgMain, no internal archive dp specified in archive class of: -, parametrized dp in archive class is System1:_NGA_G_EVENT
WCCILdata    (0), 2022.10.19 09:42:59.466, SYS,  SEVERE,     54, Unexpected state, HistOrgMain, no valid archive number
WCCILdata    (0), 2022.10.19 09:42:59.480, PARAM,WARNING,    54, Unexpected state, HistOrgMain, no internal archive dp specified in archive class of: -, parametrized dp in archive class is System1:_NGA_G_EVENT
WCCILdata    (0), 2022.10.19 09:42:59.480, SYS,  SEVERE,     54, Unexpected state, HistOrgMain, no valid archive number
WCCILdata    (0), 2022.10.19 09:42:59.481, PARAM,WARNING,    54, Unexpected state, HistOrgMain, no internal archive dp specified in archive class of: -, parametrized dp in archive class is System1:_NGA_G_EVENT
WCCILdata    (0), 2022.10.19 09:42:59.481, SYS,  SEVERE,     54, Unexpected state, HistOrgMain, no valid archive number
WCCILdata    (0), 2022.10.19 09:42:59.482, PARAM,WARNING,    54, Unexpected state, HistOrgMain, no internal archive dp specified in archive class of: -, parametrized dp in archive class is System1:_NGA_G_EVENT
WCCILdata    (0), 2022.10.19 09:42:59.482, SYS,  SEVERE,     54, Unexpected state, HistOrgMain, no valid archive number
WCCILdata    (0), 2022.10.19 09:42:59.482, PARAM,WARNING,    54, Unexpected state, HistOrgMain, no internal archive dp specified in archive class of: -, parametrized dp in archive class is System1:_NGA_G_EVENT
WCCILdata    (0), 2022.10.19 09:42:59.482, SYS,  SEVERE,     54, Unexpected state, HistOrgMain, no valid archive number
WCCILdata    (0), 2022.10.19 09:42:59.496, PARAM,WARNING,    54, Unexpected state, HistOrgMain, no internal archive dp specified in archive class of: -, parametrized dp in archive class is System1:_NGA_G_EVENT
WCCILdata    (0), 2022.10.19 09:42:59.496, SYS,  SEVERE,     54, Unexpected state, HistOrgMain, no valid archive number
WCCILdata    (0), 2022.10.19 09:42:59.497, PARAM,WARNING,    54, Unexpected state, HistOrgMain, no internal archive dp specified in archive class of: -, parametrized dp in archive class is System1:_NGA_G_EVENT
WCCILdata    (0), 2022.10.19 09:42:59.497, SYS,  SEVERE,     54, Unexpected state, HistOrgMain, no valid archive number
WCCILdata    (0), 2022.10.19 09:42:59.497, PARAM,WARNING,    54, Unexpected state, HistOrgMain, no internal archive dp specified in archive class of: -, parametrized dp in archive class is System1:_NGA_G_EVENT
WCCILdata    (0), 2022.10.19 09:42:59.497, SYS,  SEVERE,     54, Unexpected state, HistOrgMain, no valid archive number
WCCILdata    (0), 2022.10.19 09:42:59.498, PARAM,WARNING,    54, Unexpected state, HistOrgMain, no internal archive dp specified in archive class of: -, parametrized dp in archive class is System1:_NGA_G_EVENT
WCCILdata    (0), 2022.10.19 09:42:59.498, SYS,  SEVERE,     54, Unexpected state, HistOrgMain, no valid archive number
WCCILdata    (0), 2022.10.19 09:42:59.511, PARAM,WARNING,    54, Unexpected state, HistOrgMain, no internal archive dp specified in archive class of: -, parametrized dp in archive class is System1:_NGA_G_EVENT
WCCILdata    (0), 2022.10.19 09:42:59.511, SYS,  SEVERE,     54, Unexpected state, HistOrgMain, no valid archive number
WCCILdata    (0), 2022.10.19 09:42:59.512, PARAM,WARNING,    54, Unexpected state, HistOrgMain, no internal archive dp specified in archive class of: -, parametrized dp in archive class is System1:_NGA_G_EVENT
WCCILdata    (0), 2022.10.19 09:42:59.512, SYS,  SEVERE,     54, Unexpected state, HistOrgMain, no valid archive number
WCCILdata    (0), 2022.10.19 09:43:00.097, SYS,  WARNING,    39, Connection lost, MAN: (SYS: 1 Ascii -num 1 CONN: 1), Connection reset by peer (10054)
WCCILdata    (0), 2022.10.19 09:43:00.140, SYS,  INFO,       39, Connection lost, MAN: (SYS: 1 Driver -num 1 CONN: 1), Connection closed
WCCILdata    (0), 2022.10.19 09:43:00.248, SYS,  INFO,       39, Connection lost, MAN: (SYS: 1 Event -num 0 CONN: 1), Connection closed
WCCILdata    (0), 2022.10.19 09:43:00.248, SYS,  INFO,        0, , Loading DpIdentification
WCCILdata    (0), 2022.10.19 09:43:00.252, SYS,  INFO,        2, Manager Stop
